

*******************************************************************************
Wed Jul 08 00:33:15 2009


FIT:    data read from 'energieeichung.txt'
        #datapoints = 4
        residuals are weighted equally (unit weight)

function used for fitting: f(x)
fitted parameters initialized with current variable values



 Iteration 0
 WSSR        : 19590.3           delta(WSSR)/WSSR   : 0
 delta(WSSR) : 0                 limit for stopping : 1e-005
 lambda	  : 220.692

initial set of free parameter values

m               = 1
b               = 1

After 3 iterations the fit converged.
final sum of squares of residuals : 221.65
rel. change during last iteration : -1.68144e-006

degrees of freedom    (FIT_NDF)                        : 2
rms of residuals      (FIT_STDFIT) = sqrt(WSSR/ndf)    : 10.5273
variance of residuals (reduced chisquare) = WSSR/ndf   : 110.825

BREAK:          Singular matrix in Invert_RtR

